2020-01-19 12:39:27 - PHP Warning:  unlink(W:/domains/opencart.loc/system/storage/cache/cache.catalog.language.1579441167): Resource temporarily unavailable in W:\domains\opencart.loc\system\library\cache\file.php on line 68
2020-01-20 12:20:55 - PHP Warning:  ZipArchive::extractTo(): Invalid or uninitialized Zip object in W:\domains\opencart.loc\admin\controller\marketplace\install.php on line 64
2020-01-20 12:20:55 - PHP Warning:  ZipArchive::close(): Invalid or uninitialized Zip object in W:\domains\opencart.loc\admin\controller\marketplace\install.php on line 65
2020-01-22 16:16:44 - PHP Warning:  unlink(W:/domains/opencart.loc/system/storage/cache/cache.catalog.language.1579713404): Resource temporarily unavailable in W:\domains\opencart.loc\system\library\cache\file.php on line 68
2020-01-22 16:18:23 - PHP Warning:  unlink(W:/domains/opencart.loc/system/storage/cache/cache.catalog.language.1579713503): Resource temporarily unavailable in W:\domains\opencart.loc\system\library\cache\file.php on line 68
2020-01-22 16:18:23 - PHP Warning:  unlink(W:/domains/opencart.loc/system/storage/cache/cache.catalog.language.1579713503): Resource temporarily unavailable in W:\domains\opencart.loc\system\library\cache\file.php on line 68
2020-01-22 16:53:11 - PHP Warning:  unlink(W:/domains/opencart.loc/system/storage/cache/cache.catalog.language.1579715591): Resource temporarily unavailable in W:\domains\opencart.loc\system\library\cache\file.php on line 68
2020-01-22 16:54:41 - PHP Warning:  unlink(W:/domains/opencart.loc/system/storage/cache/cache.catalog.language.1579715681): Resource temporarily unavailable in W:\domains\opencart.loc\system\library\cache\file.php on line 68
2020-01-22 17:00:18 - PHP Warning:  unlink(W:/domains/opencart.loc/system/storage/cache/cache.catalog.language.1579716018): Resource temporarily unavailable in W:\domains\opencart.loc\system\library\cache\file.php on line 68
2020-01-22 17:00:20 - PHP Warning:  unlink(W:/domains/opencart.loc/system/storage/cache/cache.catalog.language.1579716020): Resource temporarily unavailable in W:\domains\opencart.loc\system\library\cache\file.php on line 68
2020-01-22 17:00:23 - PHP Warning:  unlink(W:/domains/opencart.loc/system/storage/cache/cache.catalog.language.1579716023): Permission denied in W:\domains\opencart.loc\system\library\cache\file.php on line 68
2020-01-22 17:01:10 - PHP Warning:  unlink(W:/domains/opencart.loc/system/storage/cache/cache.catalog.language.1579716070): Permission denied in W:\domains\opencart.loc\system\library\cache\file.php on line 68
2020-01-22 17:01:16 - PHP Warning:  unlink(W:/domains/opencart.loc/system/storage/cache/cache.catalog.language.1579716076): Resource temporarily unavailable in W:\domains\opencart.loc\system\library\cache\file.php on line 68
2020-01-22 17:01:19 - PHP Warning:  unlink(W:/domains/opencart.loc/system/storage/cache/cache.catalog.language.1579716079): Resource temporarily unavailable in W:\domains\opencart.loc\system\library\cache\file.php on line 68
2020-01-22 17:01:19 - PHP Warning:  unlink(W:/domains/opencart.loc/system/storage/cache/cache.catalog.language.1579716079): No such file or directory in W:\domains\opencart.loc\system\library\cache\file.php on line 68
2020-02-11 15:59:42 - PHP Warning:  unlink(W:/domains/opencart.loc/system/storage/cache/cache.catalog.language.1581440382): Resource temporarily unavailable in W:\domains\opencart.loc\system\library\cache\file.php on line 68
2020-02-11 17:08:28 - PHP Warning:  unlink(W:/domains/opencart.loc/system/storage/cache/cache.catalog.language.1581444508): Resource temporarily unavailable in W:\domains\opencart.loc\system\library\cache\file.php on line 68
2020-02-11 17:08:37 - PHP Warning:  unlink(W:/domains/opencart.loc/system/storage/cache/cache.catalog.language.1581444517): Resource temporarily unavailable in W:\domains\opencart.loc\system\library\cache\file.php on line 68
2020-02-11 17:08:37 - PHP Warning:  unlink(W:/domains/opencart.loc/system/storage/cache/cache.catalog.language.1581444517): Resource temporarily unavailable in W:\domains\opencart.loc\system\library\cache\file.php on line 68
2020-02-12 14:02:34 - PHP Warning:  unlink(W:/domains/opencart.loc/system/storage/cache/cache.catalog.language.1581519754): Resource temporarily unavailable in W:\domains\opencart.loc\system\library\cache\file.php on line 68
2020-02-12 14:25:05 - PHP Warning:  unlink(W:/domains/opencart.loc/system/storage/cache/cache.catalog.language.1581521105): Resource temporarily unavailable in W:\domains\opencart.loc\system\library\cache\file.php on line 68
2020-02-13 15:27:08 - PHP Warning:  unlink(W:/domains/opencart.loc/system/storage/cache/cache.catalog.language.1581603823): No such file or directory in W:\domains\opencart.loc\system\library\cache\file.php on line 17
2020-02-13 15:27:09 - PHP Warning:  Cannot modify header information - headers already sent by (output started at W:\domains\opencart.loc\system\framework.php:42) in W:\domains\opencart.loc\catalog\controller\startup\session.php on line 25
2020-02-13 15:30:15 - PHP Warning:  unlink(W:/domains/opencart.loc/system/storage/cache/cache.catalog.language.1581611415): Resource temporarily unavailable in W:\domains\opencart.loc\system\library\cache\file.php on line 68
2020-02-13 15:30:15 - PHP Warning:  unlink(W:/domains/opencart.loc/system/storage/cache/cache.catalog.language.1581611415): Resource temporarily unavailable in W:\domains\opencart.loc\system\library\cache\file.php on line 68
2020-02-13 15:31:21 - PHP Warning:  unlink(W:/domains/opencart.loc/system/storage/cache/cache.catalog.language.1581611481): Resource temporarily unavailable in W:\domains\opencart.loc\system\library\cache\file.php on line 68
2020-02-24 16:10:48 - PHP Warning:  mysqli::__construct(): (HY000/1045): Access denied for user 'store_uLyVqs9x9qTFd2f9'@'localhost' (using password: YES) in /var/www/u0923365/public_html/store.econaturallife.com/system/library/db/mysqli.php on line 7
2020-02-24 16:10:48 - PHP Warning:  DB\MySQLi::__construct(): Couldn't fetch mysqli in /var/www/u0923365/public_html/store.econaturallife.com/system/library/db/mysqli.php on line 10
2020-02-24 16:10:48 - PHP Warning:  DB\MySQLi::__construct(): Couldn't fetch mysqli in /var/www/u0923365/public_html/store.econaturallife.com/system/library/db/mysqli.php on line 10
2020-02-24 16:18:00 - PHP Notice:  Undefined index: path in /var/www/u0923365/public_html/store.econaturallife.com/catalog/controller/startup/seo_url.php on line 168
2020-02-24 16:18:00 - PHP Notice:  Undefined index: path in /var/www/u0923365/public_html/store.econaturallife.com/catalog/controller/startup/seo_url.php on line 168
2020-02-24 16:18:00 - PHP Notice:  Undefined index: path in /var/www/u0923365/public_html/store.econaturallife.com/catalog/controller/startup/seo_url.php on line 168
2020-02-24 16:18:00 - PHP Notice:  Undefined index: path in /var/www/u0923365/public_html/store.econaturallife.com/catalog/controller/startup/seo_url.php on line 168
2020-02-24 16:18:00 - PHP Notice:  Undefined index: path in /var/www/u0923365/public_html/store.econaturallife.com/catalog/controller/startup/seo_url.php on line 168
2020-02-24 16:18:00 - PHP Notice:  Undefined index: path in /var/www/u0923365/public_html/store.econaturallife.com/catalog/controller/startup/seo_url.php on line 168
2020-02-24 16:18:00 - PHP Notice:  Undefined index: path in /var/www/u0923365/public_html/store.econaturallife.com/catalog/controller/startup/seo_url.php on line 168
2020-02-24 16:18:00 - PHP Notice:  Undefined index: path in /var/www/u0923365/public_html/store.econaturallife.com/catalog/controller/startup/seo_url.php on line 168
2020-02-24 16:18:00 - PHP Notice:  Undefined index: path in /var/www/u0923365/public_html/store.econaturallife.com/catalog/controller/startup/seo_url.php on line 168
2020-02-24 16:18:00 - PHP Notice:  Undefined index: path in /var/www/u0923365/public_html/store.econaturallife.com/catalog/controller/startup/seo_url.php on line 168
2020-02-24 16:18:00 - PHP Notice:  Undefined index: path in /var/www/u0923365/public_html/store.econaturallife.com/catalog/controller/startup/seo_url.php on line 168
2020-02-24 16:18:00 - PHP Notice:  Undefined index: path in /var/www/u0923365/public_html/store.econaturallife.com/catalog/controller/startup/seo_url.php on line 168
2020-02-24 16:18:00 - PHP Notice:  Undefined index: path in /var/www/u0923365/public_html/store.econaturallife.com/catalog/controller/startup/seo_url.php on line 168
2020-02-24 16:18:00 - PHP Notice:  Undefined index: path in /var/www/u0923365/public_html/store.econaturallife.com/catalog/controller/startup/seo_url.php on line 168
2020-02-24 16:18:00 - PHP Notice:  Undefined index: path in /var/www/u0923365/public_html/store.econaturallife.com/catalog/controller/startup/seo_url.php on line 168
2020-02-24 16:18:00 - PHP Notice:  Undefined index: path in /var/www/u0923365/public_html/store.econaturallife.com/catalog/controller/startup/seo_url.php on line 168
2020-02-24 16:18:00 - PHP Notice:  Undefined index: path in /var/www/u0923365/public_html/store.econaturallife.com/catalog/controller/startup/seo_url.php on line 168
2020-02-24 16:18:00 - PHP Notice:  Undefined index: path in /var/www/u0923365/public_html/store.econaturallife.com/catalog/controller/startup/seo_url.php on line 168
2020-02-24 16:18:00 - PHP Notice:  Undefined index: path in /var/www/u0923365/public_html/store.econaturallife.com/catalog/controller/startup/seo_url.php on line 168
2020-02-24 16:18:00 - PHP Notice:  Undefined index: path in /var/www/u0923365/public_html/store.econaturallife.com/catalog/controller/startup/seo_url.php on line 168
2020-02-24 16:18:00 - PHP Notice:  Undefined index: path in /var/www/u0923365/public_html/store.econaturallife.com/catalog/controller/startup/seo_url.php on line 168
2020-02-24 16:18:00 - PHP Notice:  Undefined index: path in /var/www/u0923365/public_html/store.econaturallife.com/catalog/controller/startup/seo_url.php on line 168
2020-02-24 16:18:00 - PHP Notice:  Undefined index: path in /var/www/u0923365/public_html/store.econaturallife.com/catalog/controller/startup/seo_url.php on line 168
2020-02-24 16:18:00 - PHP Notice:  Undefined index: path in /var/www/u0923365/public_html/store.econaturallife.com/catalog/controller/startup/seo_url.php on line 168
2020-02-24 16:18:00 - PHP Notice:  Undefined index: path in /var/www/u0923365/public_html/store.econaturallife.com/catalog/controller/startup/seo_url.php on line 168
2020-02-24 16:18:00 - PHP Notice:  Undefined index: path in /var/www/u0923365/public_html/store.econaturallife.com/catalog/controller/startup/seo_url.php on line 168
2020-02-24 16:18:00 - PHP Notice:  Undefined index: path in /var/www/u0923365/public_html/store.econaturallife.com/catalog/controller/startup/seo_url.php on line 168
2020-02-24 16:18:00 - PHP Notice:  Undefined index: path in /var/www/u0923365/public_html/store.econaturallife.com/catalog/controller/startup/seo_url.php on line 168
2020-02-24 16:18:00 - PHP Notice:  Undefined index: path in /var/www/u0923365/public_html/store.econaturallife.com/catalog/controller/startup/seo_url.php on line 168
2020-02-24 16:18:00 - PHP Notice:  Undefined index: path in /var/www/u0923365/public_html/store.econaturallife.com/catalog/controller/startup/seo_url.php on line 168
2020-02-24 16:18:00 - PHP Notice:  Undefined index: path in /var/www/u0923365/public_html/store.econaturallife.com/catalog/controller/startup/seo_url.php on line 168
2020-02-24 16:18:00 - PHP Notice:  Undefined index: path in /var/www/u0923365/public_html/store.econaturallife.com/catalog/controller/startup/seo_url.php on line 168
2020-02-24 16:18:00 - PHP Notice:  Undefined index: path in /var/www/u0923365/public_html/store.econaturallife.com/catalog/controller/startup/seo_url.php on line 168
2020-02-24 16:18:00 - PHP Notice:  Undefined index: path in /var/www/u0923365/public_html/store.econaturallife.com/catalog/controller/startup/seo_url.php on line 168
2020-02-24 16:18:00 - PHP Notice:  Undefined index: path in /var/www/u0923365/public_html/store.econaturallife.com/catalog/controller/startup/seo_url.php on line 168
2020-02-24 16:18:00 - PHP Notice:  Undefined index: path in /var/www/u0923365/public_html/store.econaturallife.com/catalog/controller/startup/seo_url.php on line 168
2020-02-24 16:18:00 - PHP Notice:  Undefined index: path in /var/www/u0923365/public_html/store.econaturallife.com/catalog/controller/startup/seo_url.php on line 168
2020-02-24 16:18:00 - PHP Notice:  Undefined index: path in /var/www/u0923365/public_html/store.econaturallife.com/catalog/controller/startup/seo_url.php on line 168
2020-02-24 16:18:00 - PHP Notice:  Undefined index: path in /var/www/u0923365/public_html/store.econaturallife.com/catalog/controller/startup/seo_url.php on line 168
2020-02-24 16:18:00 - PHP Notice:  Undefined index: path in /var/www/u0923365/public_html/store.econaturallife.com/catalog/controller/startup/seo_url.php on line 168
2020-02-24 16:18:00 - PHP Notice:  Undefined index: path in /var/www/u0923365/public_html/store.econaturallife.com/catalog/controller/startup/seo_url.php on line 168
2020-02-24 16:18:00 - PHP Notice:  Undefined index: path in /var/www/u0923365/public_html/store.econaturallife.com/catalog/controller/startup/seo_url.php on line 168
2020-02-24 16:18:00 - PHP Notice:  Undefined index: path in /var/www/u0923365/public_html/store.econaturallife.com/catalog/controller/startup/seo_url.php on line 168
2020-02-24 16:18:00 - PHP Notice:  Undefined index: path in /var/www/u0923365/public_html/store.econaturallife.com/catalog/controller/startup/seo_url.php on line 168
2020-02-24 16:18:00 - PHP Notice:  Undefined index: path in /var/www/u0923365/public_html/store.econaturallife.com/catalog/controller/startup/seo_url.php on line 168
2020-02-24 16:23:13 - PHP Notice:  Undefined index: path in /var/www/u0923365/public_html/store.econaturallife.com/catalog/controller/startup/seo_url.php on line 168
2020-02-24 16:23:13 - PHP Notice:  Undefined index: path in /var/www/u0923365/public_html/store.econaturallife.com/catalog/controller/startup/seo_url.php on line 168
2020-02-24 16:23:13 - PHP Notice:  Undefined index: path in /var/www/u0923365/public_html/store.econaturallife.com/catalog/controller/startup/seo_url.php on line 168
2020-02-24 16:23:13 - PHP Notice:  Undefined index: path in /var/www/u0923365/public_html/store.econaturallife.com/catalog/controller/startup/seo_url.php on line 168
2020-02-24 16:23:13 - PHP Notice:  Undefined index: path in /var/www/u0923365/public_html/store.econaturallife.com/catalog/controller/startup/seo_url.php on line 168
2020-02-24 16:23:13 - PHP Notice:  Undefined index: path in /var/www/u0923365/public_html/store.econaturallife.com/catalog/controller/startup/seo_url.php on line 168
2020-02-24 16:23:13 - PHP Notice:  Undefined index: path in /var/www/u0923365/public_html/store.econaturallife.com/catalog/controller/startup/seo_url.php on line 168
2020-02-24 16:23:13 - PHP Notice:  Undefined index: path in /var/www/u0923365/public_html/store.econaturallife.com/catalog/controller/startup/seo_url.php on line 168
2020-02-24 16:23:13 - PHP Notice:  Undefined index: path in /var/www/u0923365/public_html/store.econaturallife.com/catalog/controller/startup/seo_url.php on line 168
2020-02-24 16:23:13 - PHP Notice:  Undefined index: path in /var/www/u0923365/public_html/store.econaturallife.com/catalog/controller/startup/seo_url.php on line 168
2020-02-24 16:23:13 - PHP Notice:  Undefined index: path in /var/www/u0923365/public_html/store.econaturallife.com/catalog/controller/startup/seo_url.php on line 168
2020-02-24 16:23:13 - PHP Notice:  Undefined index: path in /var/www/u0923365/public_html/store.econaturallife.com/catalog/controller/startup/seo_url.php on line 168
2020-02-24 16:23:13 - PHP Notice:  Undefined index: path in /var/www/u0923365/public_html/store.econaturallife.com/catalog/controller/startup/seo_url.php on line 168
2020-02-24 16:23:13 - PHP Notice:  Undefined index: path in /var/www/u0923365/public_html/store.econaturallife.com/catalog/controller/startup/seo_url.php on line 168
2020-02-24 16:23:13 - PHP Notice:  Undefined index: path in /var/www/u0923365/public_html/store.econaturallife.com/catalog/controller/startup/seo_url.php on line 168
2020-02-24 16:23:13 - PHP Notice:  Undefined index: path in /var/www/u0923365/public_html/store.econaturallife.com/catalog/controller/startup/seo_url.php on line 168
2020-02-24 16:23:13 - PHP Notice:  Undefined index: path in /var/www/u0923365/public_html/store.econaturallife.com/catalog/controller/startup/seo_url.php on line 168
2020-02-24 16:23:13 - PHP Notice:  Undefined index: path in /var/www/u0923365/public_html/store.econaturallife.com/catalog/controller/startup/seo_url.php on line 168
2020-02-24 16:23:13 - PHP Notice:  Undefined index: path in /var/www/u0923365/public_html/store.econaturallife.com/catalog/controller/startup/seo_url.php on line 168
2020-02-24 16:23:13 - PHP Notice:  Undefined index: path in /var/www/u0923365/public_html/store.econaturallife.com/catalog/controller/startup/seo_url.php on line 168
2020-02-24 16:23:13 - PHP Notice:  Undefined index: path in /var/www/u0923365/public_html/store.econaturallife.com/catalog/controller/startup/seo_url.php on line 168
2020-02-24 16:23:13 - PHP Notice:  Undefined index: path in /var/www/u0923365/public_html/store.econaturallife.com/catalog/controller/startup/seo_url.php on line 168
2020-02-24 16:23:13 - PHP Notice:  Undefined index: path in /var/www/u0923365/public_html/store.econaturallife.com/catalog/controller/startup/seo_url.php on line 168
2020-02-24 16:23:13 - PHP Notice:  Undefined index: path in /var/www/u0923365/public_html/store.econaturallife.com/catalog/controller/startup/seo_url.php on line 168
2020-02-24 16:23:13 - PHP Notice:  Undefined index: path in /var/www/u0923365/public_html/store.econaturallife.com/catalog/controller/startup/seo_url.php on line 168
2020-02-24 16:23:13 - PHP Notice:  Undefined index: path in /var/www/u0923365/public_html/store.econaturallife.com/catalog/controller/startup/seo_url.php on line 168
2020-02-24 16:23:13 - PHP Notice:  Undefined index: path in /var/www/u0923365/public_html/store.econaturallife.com/catalog/controller/startup/seo_url.php on line 168
2020-02-24 16:23:13 - PHP Notice:  Undefined index: path in /var/www/u0923365/public_html/store.econaturallife.com/catalog/controller/startup/seo_url.php on line 168
2020-02-24 16:23:13 - PHP Notice:  Undefined index: path in /var/www/u0923365/public_html/store.econaturallife.com/catalog/controller/startup/seo_url.php on line 168
2020-02-24 16:23:13 - PHP Notice:  Undefined index: path in /var/www/u0923365/public_html/store.econaturallife.com/catalog/controller/startup/seo_url.php on line 168
2020-02-24 16:23:13 - PHP Notice:  Undefined index: path in /var/www/u0923365/public_html/store.econaturallife.com/catalog/controller/startup/seo_url.php on line 168
2020-02-24 16:23:13 - PHP Notice:  Undefined index: path in /var/www/u0923365/public_html/store.econaturallife.com/catalog/controller/startup/seo_url.php on line 168
2020-02-24 16:23:13 - PHP Notice:  Undefined index: path in /var/www/u0923365/public_html/store.econaturallife.com/catalog/controller/startup/seo_url.php on line 168
2020-02-24 16:23:13 - PHP Notice:  Undefined index: path in /var/www/u0923365/public_html/store.econaturallife.com/catalog/controller/startup/seo_url.php on line 168
2020-02-24 16:23:13 - PHP Notice:  Undefined index: path in /var/www/u0923365/public_html/store.econaturallife.com/catalog/controller/startup/seo_url.php on line 168
2020-02-24 16:23:13 - PHP Notice:  Undefined index: path in /var/www/u0923365/public_html/store.econaturallife.com/catalog/controller/startup/seo_url.php on line 168
2020-02-24 16:23:13 - PHP Notice:  Undefined index: path in /var/www/u0923365/public_html/store.econaturallife.com/catalog/controller/startup/seo_url.php on line 168
2020-02-24 16:23:13 - PHP Notice:  Undefined index: path in /var/www/u0923365/public_html/store.econaturallife.com/catalog/controller/startup/seo_url.php on line 168
2020-02-24 16:23:13 - PHP Notice:  Undefined index: path in /var/www/u0923365/public_html/store.econaturallife.com/catalog/controller/startup/seo_url.php on line 168
2020-02-24 16:23:13 - PHP Notice:  Undefined index: path in /var/www/u0923365/public_html/store.econaturallife.com/catalog/controller/startup/seo_url.php on line 168
2020-02-24 16:23:13 - PHP Notice:  Undefined index: path in /var/www/u0923365/public_html/store.econaturallife.com/catalog/controller/startup/seo_url.php on line 168
2020-02-24 16:23:13 - PHP Notice:  Undefined index: path in /var/www/u0923365/public_html/store.econaturallife.com/catalog/controller/startup/seo_url.php on line 168
2020-02-24 16:23:13 - PHP Notice:  Undefined index: path in /var/www/u0923365/public_html/store.econaturallife.com/catalog/controller/startup/seo_url.php on line 168
2020-02-24 16:23:13 - PHP Notice:  Undefined index: path in /var/www/u0923365/public_html/store.econaturallife.com/catalog/controller/startup/seo_url.php on line 168
2020-02-24 16:23:13 - PHP Notice:  Undefined index: path in /var/www/u0923365/public_html/store.econaturallife.com/catalog/controller/startup/seo_url.php on line 168
2020-02-24 16:23:16 - PHP Notice:  Undefined index: path in /var/www/u0923365/public_html/store.econaturallife.com/catalog/controller/startup/seo_url.php on line 168
2020-02-24 16:23:16 - PHP Notice:  Undefined index: path in /var/www/u0923365/public_html/store.econaturallife.com/catalog/controller/startup/seo_url.php on line 168
2020-02-24 16:23:16 - PHP Notice:  Undefined index: path in /var/www/u0923365/public_html/store.econaturallife.com/catalog/controller/startup/seo_url.php on line 168
2020-02-24 16:23:16 - PHP Notice:  Undefined index: path in /var/www/u0923365/public_html/store.econaturallife.com/catalog/controller/startup/seo_url.php on line 168
2020-02-24 16:23:16 - PHP Notice:  Undefined index: path in /var/www/u0923365/public_html/store.econaturallife.com/catalog/controller/startup/seo_url.php on line 168
2020-02-24 16:23:16 - PHP Notice:  Undefined index: path in /var/www/u0923365/public_html/store.econaturallife.com/catalog/controller/startup/seo_url.php on line 168
2020-02-24 16:23:16 - PHP Notice:  Undefined index: path in /var/www/u0923365/public_html/store.econaturallife.com/catalog/controller/startup/seo_url.php on line 168
2020-02-24 16:23:16 - PHP Notice:  Undefined index: path in /var/www/u0923365/public_html/store.econaturallife.com/catalog/controller/startup/seo_url.php on line 168
2020-02-24 16:23:16 - PHP Notice:  Undefined index: path in /var/www/u0923365/public_html/store.econaturallife.com/catalog/controller/startup/seo_url.php on line 168
2020-02-24 16:23:16 - PHP Notice:  Undefined index: path in /var/www/u0923365/public_html/store.econaturallife.com/catalog/controller/startup/seo_url.php on line 168
2020-02-24 16:23:16 - PHP Notice:  Undefined index: path in /var/www/u0923365/public_html/store.econaturallife.com/catalog/controller/startup/seo_url.php on line 168
2020-02-24 16:23:16 - PHP Notice:  Undefined index: path in /var/www/u0923365/public_html/store.econaturallife.com/catalog/controller/startup/seo_url.php on line 168
2020-02-24 16:23:16 - PHP Notice:  Undefined index: path in /var/www/u0923365/public_html/store.econaturallife.com/catalog/controller/startup/seo_url.php on line 168
2020-02-24 16:23:16 - PHP Notice:  Undefined index: path in /var/www/u0923365/public_html/store.econaturallife.com/catalog/controller/startup/seo_url.php on line 168
2020-02-24 16:23:16 - PHP Notice:  Undefined index: path in /var/www/u0923365/public_html/store.econaturallife.com/catalog/controller/startup/seo_url.php on line 168
2020-02-24 16:23:16 - PHP Notice:  Undefined index: path in /var/www/u0923365/public_html/store.econaturallife.com/catalog/controller/startup/seo_url.php on line 168
2020-02-24 16:23:16 - PHP Notice:  Undefined index: path in /var/www/u0923365/public_html/store.econaturallife.com/catalog/controller/startup/seo_url.php on line 168
2020-02-24 16:23:16 - PHP Notice:  Undefined index: path in /var/www/u0923365/public_html/store.econaturallife.com/catalog/controller/startup/seo_url.php on line 168
2020-02-24 16:23:16 - PHP Notice:  Undefined index: path in /var/www/u0923365/public_html/store.econaturallife.com/catalog/controller/startup/seo_url.php on line 168
2020-02-24 16:23:16 - PHP Notice:  Undefined index: path in /var/www/u0923365/public_html/store.econaturallife.com/catalog/controller/startup/seo_url.php on line 168
2020-02-24 16:23:16 - PHP Notice:  Undefined index: path in /var/www/u0923365/public_html/store.econaturallife.com/catalog/controller/startup/seo_url.php on line 168
2020-02-24 16:23:16 - PHP Notice:  Undefined index: path in /var/www/u0923365/public_html/store.econaturallife.com/catalog/controller/startup/seo_url.php on line 168
2020-02-24 16:23:16 - PHP Notice:  Undefined index: path in /var/www/u0923365/public_html/store.econaturallife.com/catalog/controller/startup/seo_url.php on line 168
2020-02-24 16:23:16 - PHP Notice:  Undefined index: path in /var/www/u0923365/public_html/store.econaturallife.com/catalog/controller/startup/seo_url.php on line 168
2020-02-24 16:23:16 - PHP Notice:  Undefined index: path in /var/www/u0923365/public_html/store.econaturallife.com/catalog/controller/startup/seo_url.php on line 168
2020-02-24 16:23:16 - PHP Notice:  Undefined index: path in /var/www/u0923365/public_html/store.econaturallife.com/catalog/controller/startup/seo_url.php on line 168
2020-02-24 16:23:16 - PHP Notice:  Undefined index: path in /var/www/u0923365/public_html/store.econaturallife.com/catalog/controller/startup/seo_url.php on line 168
2020-02-24 16:23:16 - PHP Notice:  Undefined index: path in /var/www/u0923365/public_html/store.econaturallife.com/catalog/controller/startup/seo_url.php on line 168
2020-02-24 16:23:16 - PHP Notice:  Undefined index: path in /var/www/u0923365/public_html/store.econaturallife.com/catalog/controller/startup/seo_url.php on line 168
2020-02-24 16:23:16 - PHP Notice:  Undefined index: path in /var/www/u0923365/public_html/store.econaturallife.com/catalog/controller/startup/seo_url.php on line 168
2020-02-24 16:23:16 - PHP Notice:  Undefined index: path in /var/www/u0923365/public_html/store.econaturallife.com/catalog/controller/startup/seo_url.php on line 168
2020-02-24 16:23:16 - PHP Notice:  Undefined index: path in /var/www/u0923365/public_html/store.econaturallife.com/catalog/controller/startup/seo_url.php on line 168
2020-02-24 16:23:16 - PHP Notice:  Undefined index: path in /var/www/u0923365/public_html/store.econaturallife.com/catalog/controller/startup/seo_url.php on line 168
2020-02-24 16:23:16 - PHP Notice:  Undefined index: path in /var/www/u0923365/public_html/store.econaturallife.com/catalog/controller/startup/seo_url.php on line 168
2020-02-24 16:23:16 - PHP Notice:  Undefined index: path in /var/www/u0923365/public_html/store.econaturallife.com/catalog/controller/startup/seo_url.php on line 168
2020-02-24 16:23:16 - PHP Notice:  Undefined index: path in /var/www/u0923365/public_html/store.econaturallife.com/catalog/controller/startup/seo_url.php on line 168
2020-02-24 16:23:16 - PHP Notice:  Undefined index: path in /var/www/u0923365/public_html/store.econaturallife.com/catalog/controller/startup/seo_url.php on line 168
2020-02-24 16:23:16 - PHP Notice:  Undefined index: path in /var/www/u0923365/public_html/store.econaturallife.com/catalog/controller/startup/seo_url.php on line 168
2020-02-24 16:23:16 - PHP Notice:  Undefined index: path in /var/www/u0923365/public_html/store.econaturallife.com/catalog/controller/startup/seo_url.php on line 168
2020-02-24 16:23:16 - PHP Notice:  Undefined index: path in /var/www/u0923365/public_html/store.econaturallife.com/catalog/controller/startup/seo_url.php on line 168
2020-02-24 16:23:16 - PHP Notice:  Undefined index: path in /var/www/u0923365/public_html/store.econaturallife.com/catalog/controller/startup/seo_url.php on line 168
2020-02-24 16:23:16 - PHP Notice:  Undefined index: path in /var/www/u0923365/public_html/store.econaturallife.com/catalog/controller/startup/seo_url.php on line 168
2020-02-24 16:23:16 - PHP Notice:  Undefined index: path in /var/www/u0923365/public_html/store.econaturallife.com/catalog/controller/startup/seo_url.php on line 168
2020-02-24 16:23:16 - PHP Notice:  Undefined index: path in /var/www/u0923365/public_html/store.econaturallife.com/catalog/controller/startup/seo_url.php on line 168
2020-02-24 16:23:16 - PHP Notice:  Undefined index: path in /var/www/u0923365/public_html/store.econaturallife.com/catalog/controller/startup/seo_url.php on line 168
